GowinSynthesis start
Running parser ...
Analyzing Verilog file '/home/pol/Documents/KMITL/year3/project1/BluetoothToSevensegment/uart_7segment/uart_7segment/uart_7segment.v'
Compiling module 'top'("/home/pol/Documents/KMITL/year3/project1/BluetoothToSevensegment/uart_7segment/uart_7segment/uart_7segment.v":1)
Extracting RAM for identifier 'testMemory'("/home/pol/Documents/KMITL/year3/project1/BluetoothToSevensegment/uart_7segment/uart_7segment/uart_7segment.v":110)
WARN  (EX3791) : Expression size 14 truncated to fit in target size 13("/home/pol/Documents/KMITL/year3/project1/BluetoothToSevensegment/uart_7segment/uart_7segment/uart_7segment.v":53)
WARN  (EX3791) : Expression size 14 truncated to fit in target size 13("/home/pol/Documents/KMITL/year3/project1/BluetoothToSevensegment/uart_7segment/uart_7segment/uart_7segment.v":56)
WARN  (EX3791) : Expression size 4 truncated to fit in target size 3("/home/pol/Documents/KMITL/year3/project1/BluetoothToSevensegment/uart_7segment/uart_7segment/uart_7segment.v":64)
WARN  (EX3791) : Expression size 14 truncated to fit in target size 13("/home/pol/Documents/KMITL/year3/project1/BluetoothToSevensegment/uart_7segment/uart_7segment/uart_7segment.v":71)
WARN  (EX3791) : Expression size 26 truncated to fit in target size 25("/home/pol/Documents/KMITL/year3/project1/BluetoothToSevensegment/uart_7segment/uart_7segment/uart_7segment.v":153)
WARN  (EX3791) : Expression size 4 truncated to fit in target size 3("/home/pol/Documents/KMITL/year3/project1/BluetoothToSevensegment/uart_7segment/uart_7segment/uart_7segment.v":162)
WARN  (EX3791) : Expression size 26 truncated to fit in target size 25("/home/pol/Documents/KMITL/year3/project1/BluetoothToSevensegment/uart_7segment/uart_7segment/uart_7segment.v":166)
WARN  (EX3791) : Expression size 5 truncated to fit in target size 4("/home/pol/Documents/KMITL/year3/project1/BluetoothToSevensegment/uart_7segment/uart_7segment/uart_7segment.v":174)
WARN  (EX3791) : Expression size 26 truncated to fit in target size 25("/home/pol/Documents/KMITL/year3/project1/BluetoothToSevensegment/uart_7segment/uart_7segment/uart_7segment.v":179)
WARN  (EX3791) : Expression size 26 truncated to fit in target size 25("/home/pol/Documents/KMITL/year3/project1/BluetoothToSevensegment/uart_7segment/uart_7segment/uart_7segment.v":186)
NOTE  (EX0101) : Current top module is "top"
[5%] Running netlist conversion ...
Running device independent optimization ...
[10%] Optimizing Phase 0 completed
[15%] Optimizing Phase 1 completed
[25%] Optimizing Phase 2 completed
Running inference ...
[30%] Inferring Phase 0 completed
[40%] Inferring Phase 1 completed
[50%] Inferring Phase 2 completed
[55%] Inferring Phase 3 completed
Running technical mapping ...
[60%] Tech-Mapping Phase 0 completed
[65%] Tech-Mapping Phase 1 completed
[75%] Tech-Mapping Phase 2 completed
[80%] Tech-Mapping Phase 3 completed
[90%] Tech-Mapping Phase 4 completed
[95%] Generate netlist file "/home/pol/Documents/KMITL/year3/project1/BluetoothToSevensegment/uart_7segment/uart_7segment/impl/gwsynthesis/uart_7segment.vg" completed
[100%] Generate report file "/home/pol/Documents/KMITL/year3/project1/BluetoothToSevensegment/uart_7segment/uart_7segment/impl/gwsynthesis/uart_7segment_syn.rpt.html" completed
GowinSynthesis finish
