Reading netlist file: "/home/pol/Documents/KMITL/year3/project1/BluetoothToSevensegment/01_gowin/PLL/impl/gwsynthesis/PLL.vg"
Parsing netlist file "/home/pol/Documents/KMITL/year3/project1/BluetoothToSevensegment/01_gowin/PLL/impl/gwsynthesis/PLL.vg" completed
Processing netlist completed
Reading constraint file: "/home/pol/Documents/KMITL/year3/project1/BluetoothToSevensegment/01_gowin/PLL/src/PLL.cst"
Physical Constraint parsed completed
Running placement......
[10%] Placement Phase 0 completed
[20%] Placement Phase 1 completed
[30%] Placement Phase 2 completed
[50%] Placement Phase 3 completed
Running routing......
[60%] Routing Phase 0 completed
[70%] Routing Phase 1 completed
[80%] Routing Phase 2 completed
[90%] Routing Phase 3 completed
Running timing analysis......
[95%] Timing analysis completed
Placement and routing completed
Bitstream generation in progress......
Bitstream generation completed
Running power analysis......
[100%] Power analysis completed
Generate file "/home/pol/Documents/KMITL/year3/project1/BluetoothToSevensegment/01_gowin/PLL/impl/pnr/PLL.power.html" completed
Generate file "/home/pol/Documents/KMITL/year3/project1/BluetoothToSevensegment/01_gowin/PLL/impl/pnr/PLL.pin.html" completed
Generate file "/home/pol/Documents/KMITL/year3/project1/BluetoothToSevensegment/01_gowin/PLL/impl/pnr/PLL.rpt.html" completed
Generate file "/home/pol/Documents/KMITL/year3/project1/BluetoothToSevensegment/01_gowin/PLL/impl/pnr/PLL.rpt.txt" completed
Generate file "/home/pol/Documents/KMITL/year3/project1/BluetoothToSevensegment/01_gowin/PLL/impl/pnr/PLL.tr.html" completed
Mon May 20 15:22:06 2024

