Reading netlist file: "/home/pol/Documents/KMITL/year3/project1/BluetoothToSevensegment/uart_7segment/uart_7segment/impl/gwsynthesis/uart_7segment.vg"
Parsing netlist file "/home/pol/Documents/KMITL/year3/project1/BluetoothToSevensegment/uart_7segment/uart_7segment/impl/gwsynthesis/uart_7segment.vg" completed
Processing netlist completed
Reading constraint file: "/home/pol/Documents/KMITL/year3/project1/BluetoothToSevensegment/uart_7segment/uart_7segment/uart_7segment.cst"
Physical Constraint parsed completed
Running placement......
[10%] Placement Phase 0 completed
[20%] Placement Phase 1 completed
[30%] Placement Phase 2 completed
[50%] Placement Phase 3 completed
Running routing......
[60%] Routing Phase 0 completed
[70%] Routing Phase 1 completed
[80%] Routing Phase 2 completed
[90%] Routing Phase 3 completed
Running timing analysis......
[95%] Timing analysis completed
Placement and routing completed
Bitstream generation in progress......
Bitstream generation completed
Running power analysis......
[100%] Power analysis completed
Generate file "/home/pol/Documents/KMITL/year3/project1/BluetoothToSevensegment/uart_7segment/uart_7segment/impl/pnr/uart_7segment.power.html" completed
Generate file "/home/pol/Documents/KMITL/year3/project1/BluetoothToSevensegment/uart_7segment/uart_7segment/impl/pnr/uart_7segment.pin.html" completed
Generate file "/home/pol/Documents/KMITL/year3/project1/BluetoothToSevensegment/uart_7segment/uart_7segment/impl/pnr/uart_7segment.rpt.html" completed
Generate file "/home/pol/Documents/KMITL/year3/project1/BluetoothToSevensegment/uart_7segment/uart_7segment/impl/pnr/uart_7segment.rpt.txt" completed
Generate file "/home/pol/Documents/KMITL/year3/project1/BluetoothToSevensegment/uart_7segment/uart_7segment/impl/pnr/uart_7segment.tr.html" completed
Fri May 10 16:51:26 2024

